<?xml version="1.0" encoding="UTF-8"?>
<testsuite xmlns:xsi="http://www.w3.org/2001/XMLSchema-instance" xsi:noNamespaceSchemaLocation="https://maven.apache.org/surefire/maven-surefire-plugin/xsd/surefire-test-report-3.0.xsd" version="3.0" name="TestSuite" time="4.223" tests="1" errors="0" skipped="0" failures="0">
  <properties>
    <property name="java.specification.version" value="14"/>
    <property name="sun.jnu.encoding" value="UTF-8"/>
    <property name="java.class.path" value="/Users/emranmoq/eclipse-workspace/TajwalAPITask/target/test-classes:/Users/emranmoq/eclipse-workspace/TajwalAPITask/target/classes:/Users/emranmoq/.m2/repository/org/apache/commons/commons-lang3/3.9/commons-lang3-3.9.jar:/Users/emranmoq/.m2/repository/commons-io/commons-io/2.6/commons-io-2.6.jar:/Users/emranmoq/.m2/repository/commons-validator/commons-validator/1.6/commons-validator-1.6.jar:/Users/emranmoq/.m2/repository/commons-beanutils/commons-beanutils/1.9.2/commons-beanutils-1.9.2.jar:/Users/emranmoq/.m2/repository/commons-digester/commons-digester/1.8.1/commons-digester-1.8.1.jar:/Users/emranmoq/.m2/repository/commons-logging/commons-logging/1.2/commons-logging-1.2.jar:/Users/emranmoq/.m2/repository/commons-collections/commons-collections/3.2.2/commons-collections-3.2.2.jar:/Users/emranmoq/.m2/repository/com/aventstack/extentreports/4.1.1/extentreports-4.1.1.jar:/Users/emranmoq/.m2/repository/org/freemarker/freemarker/2.3.29/freemarker-2.3.29.jar:/Users/emranmoq/.m2/repository/org/apache/httpcomponents/httpclient/4.5.2/httpclient-4.5.2.jar:/Users/emranmoq/.m2/repository/org/apache/httpcomponents/httpcore/4.4.4/httpcore-4.4.4.jar:/Users/emranmoq/.m2/repository/commons-codec/commons-codec/1.9/commons-codec-1.9.jar:/Users/emranmoq/.m2/repository/org/apache/httpcomponents/httpmime/4.5.2/httpmime-4.5.2.jar:/Users/emranmoq/.m2/repository/com/google/code/gson/gson/2.8.6/gson-2.8.6.jar:/Users/emranmoq/.m2/repository/org/mongodb/mongodb-driver/3.12.0/mongodb-driver-3.12.0.jar:/Users/emranmoq/.m2/repository/org/mongodb/mongodb-driver-core/3.12.0/mongodb-driver-core-3.12.0.jar:/Users/emranmoq/.m2/repository/org/mongodb/bson/3.12.0/bson-3.12.0.jar:/Users/emranmoq/.m2/repository/org/apache/maven/plugins/maven-surefire-plugin/3.0.0-M4/maven-surefire-plugin-3.0.0-M4.jar:/Users/emranmoq/.m2/repository/org/apache/maven/surefire/maven-surefire-common/3.0.0-M4/maven-surefire-common-3.0.0-M4.jar:/Users/emranmoq/.m2/repository/org/apache/maven/surefire/surefire-api/3.0.0-M4/surefire-api-3.0.0-M4.jar:/Users/emranmoq/.m2/repository/org/apache/maven/surefire/surefire-logger-api/3.0.0-M4/surefire-logger-api-3.0.0-M4.jar:/Users/emranmoq/.m2/repository/org/apache/maven/surefire/surefire-extensions-api/3.0.0-M4/surefire-extensions-api-3.0.0-M4.jar:/Users/emranmoq/.m2/repository/org/apache/maven/surefire/surefire-booter/3.0.0-M4/surefire-booter-3.0.0-M4.jar:/Users/emranmoq/.m2/repository/org/apache/maven/maven-toolchain/3.0-alpha-2/maven-toolchain-3.0-alpha-2.jar:/Users/emranmoq/.m2/repository/org/apache/maven/shared/maven-artifact-transfer/0.11.0/maven-artifact-transfer-0.11.0.jar:/Users/emranmoq/.m2/repository/org/apache/maven/shared/maven-common-artifact-filters/3.0.1/maven-common-artifact-filters-3.0.1.jar:/Users/emranmoq/.m2/repository/org/apache/maven/plugins/maven-compiler-plugin/3.8.1/maven-compiler-plugin-3.8.1.jar:/Users/emranmoq/.m2/repository/org/apache/maven/maven-plugin-api/3.0/maven-plugin-api-3.0.jar:/Users/emranmoq/.m2/repository/org/sonatype/sisu/sisu-inject-plexus/1.4.2/sisu-inject-plexus-1.4.2.jar:/Users/emranmoq/.m2/repository/org/sonatype/sisu/sisu-inject-bean/1.4.2/sisu-inject-bean-1.4.2.jar:/Users/emranmoq/.m2/repository/org/sonatype/sisu/sisu-guice/2.1.7/sisu-guice-2.1.7-noaop.jar:/Users/emranmoq/.m2/repository/org/apache/maven/maven-artifact/3.0/maven-artifact-3.0.jar:/Users/emranmoq/.m2/repository/org/apache/maven/maven-core/3.0/maven-core-3.0.jar:/Users/emranmoq/.m2/repository/org/apache/maven/maven-settings/3.0/maven-settings-3.0.jar:/Users/emranmoq/.m2/repository/org/apache/maven/maven-settings-builder/3.0/maven-settings-builder-3.0.jar:/Users/emranmoq/.m2/repository/org/apache/maven/maven-repository-metadata/3.0/maven-repository-metadata-3.0.jar:/Users/emranmoq/.m2/repository/org/apache/maven/maven-model-builder/3.0/maven-model-builder-3.0.jar:/Users/emranmoq/.m2/repository/org/apache/maven/maven-aether-provider/3.0/maven-aether-provider-3.0.jar:/Users/emranmoq/.m2/repository/org/sonatype/aether/aether-impl/1.7/aether-impl-1.7.jar:/Users/emranmoq/.m2/repository/org/sonatype/aether/aether-spi/1.7/aether-spi-1.7.jar:/Users/emranmoq/.m2/repository/org/sonatype/aether/aether-api/1.7/aether-api-1.7.jar:/Users/emranmoq/.m2/repository/org/sonatype/aether/aether-util/1.7/aether-util-1.7.jar:/Users/emranmoq/.m2/repository/org/codehaus/plexus/plexus-classworlds/2.2.3/plexus-classworlds-2.2.3.jar:/Users/emranmoq/.m2/repository/org/codehaus/plexus/plexus-component-annotations/1.5.5/plexus-component-annotations-1.5.5.jar:/Users/emranmoq/.m2/repository/org/sonatype/plexus/plexus-sec-dispatcher/1.3/plexus-sec-dispatcher-1.3.jar:/Users/emranmoq/.m2/repository/org/sonatype/plexus/plexus-cipher/1.4/plexus-cipher-1.4.jar:/Users/emranmoq/.m2/repository/org/apache/maven/shared/maven-shared-utils/3.2.1/maven-shared-utils-3.2.1.jar:/Users/emranmoq/.m2/repository/org/apache/maven/shared/maven-shared-incremental/1.1/maven-shared-incremental-1.1.jar:/Users/emranmoq/.m2/repository/org/codehaus/plexus/plexus-java/0.9.10/plexus-java-0.9.10.jar:/Users/emranmoq/.m2/repository/org/ow2/asm/asm/6.2/asm-6.2.jar:/Users/emranmoq/.m2/repository/com/thoughtworks/qdox/qdox/2.0-M8/qdox-2.0-M8.jar:/Users/emranmoq/.m2/repository/org/codehaus/plexus/plexus-compiler-api/2.8.4/plexus-compiler-api-2.8.4.jar:/Users/emranmoq/.m2/repository/org/codehaus/plexus/plexus-compiler-manager/2.8.4/plexus-compiler-manager-2.8.4.jar:/Users/emranmoq/.m2/repository/org/codehaus/plexus/plexus-compiler-javac/2.8.4/plexus-compiler-javac-2.8.4.jar:/Users/emranmoq/.m2/repository/org/apache/maven/plugins/maven-resources-plugin/3.1.0/maven-resources-plugin-3.1.0.jar:/Users/emranmoq/.m2/repository/org/apache/maven/maven-model/3.0/maven-model-3.0.jar:/Users/emranmoq/.m2/repository/org/codehaus/plexus/plexus-utils/3.1.0/plexus-utils-3.1.0.jar:/Users/emranmoq/.m2/repository/org/apache/maven/shared/maven-filtering/3.1.1/maven-filtering-3.1.1.jar:/Users/emranmoq/.m2/repository/org/sonatype/plexus/plexus-build-api/0.0.7/plexus-build-api-0.0.7.jar:/Users/emranmoq/.m2/repository/org/codehaus/plexus/plexus-interpolation/1.24/plexus-interpolation-1.24.jar:/Users/emranmoq/.m2/repository/org/junit/jupiter/junit-jupiter-api/5.0.3/junit-jupiter-api-5.0.3.jar:/Users/emranmoq/.m2/repository/org/apiguardian/apiguardian-api/1.0.0/apiguardian-api-1.0.0.jar:/Users/emranmoq/.m2/repository/org/opentest4j/opentest4j/1.0.0/opentest4j-1.0.0.jar:/Users/emranmoq/.m2/repository/org/junit/platform/junit-platform-commons/1.0.3/junit-platform-commons-1.0.3.jar:/Users/emranmoq/.m2/repository/junit/junit/4.12/junit-4.12.jar:/Users/emranmoq/.m2/repository/org/hamcrest/hamcrest-core/1.3/hamcrest-core-1.3.jar:/Users/emranmoq/.m2/repository/io/rest-assured/rest-assured/4.3.0/rest-assured-4.3.0.jar:/Users/emranmoq/.m2/repository/org/codehaus/groovy/groovy/3.0.2/groovy-3.0.2.jar:/Users/emranmoq/.m2/repository/org/codehaus/groovy/groovy-xml/3.0.2/groovy-xml-3.0.2.jar:/Users/emranmoq/.m2/repository/org/hamcrest/hamcrest/2.1/hamcrest-2.1.jar:/Users/emranmoq/.m2/repository/org/ccil/cowan/tagsoup/tagsoup/1.2.1/tagsoup-1.2.1.jar:/Users/emranmoq/.m2/repository/io/rest-assured/json-path/4.3.0/json-path-4.3.0.jar:/Users/emranmoq/.m2/repository/org/codehaus/groovy/groovy-json/3.0.2/groovy-json-3.0.2.jar:/Users/emranmoq/.m2/repository/io/rest-assured/rest-assured-common/4.3.0/rest-assured-common-4.3.0.jar:/Users/emranmoq/.m2/repository/io/rest-assured/xml-path/4.3.0/xml-path-4.3.0.jar:/Users/emranmoq/.m2/repository/jakarta/xml/bind/jakarta.xml.bind-api/2.3.2/jakarta.xml.bind-api-2.3.2.jar:/Users/emranmoq/.m2/repository/com/sun/xml/bind/jaxb-osgi/2.3.0.1/jaxb-osgi-2.3.0.1.jar:/Users/emranmoq/.m2/repository/org/apache/sling/org.apache.sling.javax.activation/0.1.0/org.apache.sling.javax.activation-0.1.0.jar:/Users/emranmoq/.m2/repository/io/rest-assured/json-schema-validator/4.3.0/json-schema-validator-4.3.0.jar:/Users/emranmoq/.m2/repository/com/github/java-json-tools/json-schema-validator/2.2.10/json-schema-validator-2.2.10.jar:/Users/emranmoq/.m2/repository/com/github/java-json-tools/json-schema-core/1.2.10/json-schema-core-1.2.10.jar:/Users/emranmoq/.m2/repository/com/github/java-json-tools/jackson-coreutils/1.9/jackson-coreutils-1.9.jar:/Users/emranmoq/.m2/repository/com/fasterxml/jackson/core/jackson-databind/2.2.3/jackson-databind-2.2.3.jar:/Users/emranmoq/.m2/repository/com/fasterxml/jackson/core/jackson-annotations/2.2.3/jackson-annotations-2.2.3.jar:/Users/emranmoq/.m2/repository/com/fasterxml/jackson/core/jackson-core/2.2.3/jackson-core-2.2.3.jar:/Users/emranmoq/.m2/repository/com/github/fge/msg-simple/1.1/msg-simple-1.1.jar:/Users/emranmoq/.m2/repository/com/github/fge/btf/1.2/btf-1.2.jar:/Users/emranmoq/.m2/repository/com/github/fge/uri-template/0.9/uri-template-0.9.jar:/Users/emranmoq/.m2/repository/org/mozilla/rhino/1.7.7.1/rhino-1.7.7.1.jar:/Users/emranmoq/.m2/repository/javax/mail/mailapi/1.4.3/mailapi-1.4.3.jar:/Users/emranmoq/.m2/repository/joda-time/joda-time/2.9.7/joda-time-2.9.7.jar:/Users/emranmoq/.m2/repository/com/googlecode/libphonenumber/libphonenumber/8.0.0/libphonenumber-8.0.0.jar:/Users/emranmoq/.m2/repository/com/google/code/findbugs/jsr305/3.0.1/jsr305-3.0.1.jar:/Users/emranmoq/.m2/repository/net/sf/jopt-simple/jopt-simple/5.0.3/jopt-simple-5.0.3.jar:/Users/emranmoq/.m2/repository/io/rest-assured/spring-mock-mvc/4.3.0/spring-mock-mvc-4.3.0.jar:/Users/emranmoq/.m2/repository/io/rest-assured/spring-commons/4.3.0/spring-commons-4.3.0.jar:/Users/emranmoq/.m2/repository/org/springframework/spring-test/4.3.23.RELEASE/spring-test-4.3.23.RELEASE.jar:/Users/emranmoq/.m2/repository/org/springframework/spring-core/4.3.23.RELEASE/spring-core-4.3.23.RELEASE.jar:/Users/emranmoq/.m2/repository/org/springframework/spring-webmvc/4.3.23.RELEASE/spring-webmvc-4.3.23.RELEASE.jar:/Users/emranmoq/.m2/repository/org/springframework/spring-aop/4.3.23.RELEASE/spring-aop-4.3.23.RELEASE.jar:/Users/emranmoq/.m2/repository/org/springframework/spring-beans/4.3.23.RELEASE/spring-beans-4.3.23.RELEASE.jar:/Users/emranmoq/.m2/repository/org/springframework/spring-expression/4.3.23.RELEASE/spring-expression-4.3.23.RELEASE.jar:/Users/emranmoq/.m2/repository/org/springframework/spring-web/4.3.23.RELEASE/spring-web-4.3.23.RELEASE.jar:/Users/emranmoq/.m2/repository/io/rest-assured/spring-web-test-client/4.3.0/spring-web-test-client-4.3.0.jar:/Users/emranmoq/.m2/repository/org/springframework/spring-context/5.1.0.RELEASE/spring-context-5.1.0.RELEASE.jar:/Users/emranmoq/.m2/repository/org/springframework/spring-webflux/5.1.0.RELEASE/spring-webflux-5.1.0.RELEASE.jar:/Users/emranmoq/.m2/repository/io/projectreactor/reactor-core/3.2.0.RELEASE/reactor-core-3.2.0.RELEASE.jar:/Users/emranmoq/.m2/repository/org/reactivestreams/reactive-streams/1.0.2/reactive-streams-1.0.2.jar:/Users/emranmoq/.m2/repository/org/synchronoss/cloud/nio-multipart-parser/1.1.0/nio-multipart-parser-1.1.0.jar:/Users/emranmoq/.m2/repository/org/slf4j/slf4j-api/1.7.12/slf4j-api-1.7.12.jar:/Users/emranmoq/.m2/repository/org/synchronoss/cloud/nio-stream-storage/1.1.3/nio-stream-storage-1.1.3.jar:/Users/emranmoq/.m2/repository/io/rest-assured/scala-support/4.3.0/scala-support-4.3.0.jar:/Users/emranmoq/.m2/repository/org/scala-lang/scala-library/2.13.0/scala-library-2.13.0.jar:/Users/emranmoq/.m2/repository/io/rest-assured/kotlin-extensions/4.3.0/kotlin-extensions-4.3.0.jar:/Users/emranmoq/.m2/repository/org/jetbrains/kotlin/kotlin-stdlib-jdk8/1.3.70/kotlin-stdlib-jdk8-1.3.70.jar:/Users/emranmoq/.m2/repository/org/jetbrains/kotlin/kotlin-stdlib/1.3.70/kotlin-stdlib-1.3.70.jar:/Users/emranmoq/.m2/repository/org/jetbrains/kotlin/kotlin-stdlib-common/1.3.70/kotlin-stdlib-common-1.3.70.jar:/Users/emranmoq/.m2/repository/org/jetbrains/annotations/13.0/annotations-13.0.jar:/Users/emranmoq/.m2/repository/org/jetbrains/kotlin/kotlin-stdlib-jdk7/1.3.70/kotlin-stdlib-jdk7-1.3.70.jar:/Users/emranmoq/.m2/repository/io/rest-assured/rest-assured-all/4.3.0/rest-assured-all-4.3.0.jar:/Users/emranmoq/.m2/repository/jakarta/activation/jakarta.activation-api/1.2.1/jakarta.activation-api-1.2.1.jar:/Users/emranmoq/.m2/repository/javax/activation/activation/1.1.1/activation-1.1.1.jar:/Users/emranmoq/.m2/repository/org/jsoup/jsoup/1.13.1/jsoup-1.13.1.jar:/Users/emranmoq/.m2/repository/org/testng/testng/7.1.0/testng-7.1.0.jar:/Users/emranmoq/.m2/repository/com/beust/jcommander/1.72/jcommander-1.72.jar:/Users/emranmoq/.m2/repository/com/google/inject/guice/4.1.0/guice-4.1.0-no_aop.jar:/Users/emranmoq/.m2/repository/javax/inject/javax.inject/1/javax.inject-1.jar:/Users/emranmoq/.m2/repository/aopalliance/aopalliance/1.0/aopalliance-1.0.jar:/Users/emranmoq/.m2/repository/com/google/guava/guava/19.0/guava-19.0.jar:/Users/emranmoq/.m2/repository/org/yaml/snakeyaml/1.21/snakeyaml-1.21.jar:"/>
    <property name="java.vm.vendor" value="Oracle Corporation"/>
    <property name="sun.arch.data.model" value="64"/>
    <property name="java.vendor.url" value="https://java.oracle.com/"/>
    <property name="user.timezone" value="Asia/Amman"/>
    <property name="os.name" value="Mac OS X"/>
    <property name="java.vm.specification.version" value="14"/>
    <property name="sun.java.launcher" value="SUN_STANDARD"/>
    <property name="user.country" value="JO"/>
    <property name="sun.boot.library.path" value="/Library/Java/JavaVirtualMachines/jdk-14.0.1.jdk/Contents/Home/lib"/>
    <property name="sun.java.command" value="/Users/emranmoq/eclipse-workspace/TajwalAPITask/target/surefire/surefirebooter5982168906513351715.jar /Users/emranmoq/eclipse-workspace/TajwalAPITask/target/surefire 2021-09-16T17-23-51_847-jvmRun1 surefire337106030018256578tmp surefire_014295905024171942027tmp"/>
    <property name="jdk.debug" value="release"/>
    <property name="surefire.test.class.path" value="/Users/emranmoq/eclipse-workspace/TajwalAPITask/target/test-classes:/Users/emranmoq/eclipse-workspace/TajwalAPITask/target/classes:/Users/emranmoq/.m2/repository/org/apache/commons/commons-lang3/3.9/commons-lang3-3.9.jar:/Users/emranmoq/.m2/repository/commons-io/commons-io/2.6/commons-io-2.6.jar:/Users/emranmoq/.m2/repository/commons-validator/commons-validator/1.6/commons-validator-1.6.jar:/Users/emranmoq/.m2/repository/commons-beanutils/commons-beanutils/1.9.2/commons-beanutils-1.9.2.jar:/Users/emranmoq/.m2/repository/commons-digester/commons-digester/1.8.1/commons-digester-1.8.1.jar:/Users/emranmoq/.m2/repository/commons-logging/commons-logging/1.2/commons-logging-1.2.jar:/Users/emranmoq/.m2/repository/commons-collections/commons-collections/3.2.2/commons-collections-3.2.2.jar:/Users/emranmoq/.m2/repository/com/aventstack/extentreports/4.1.1/extentreports-4.1.1.jar:/Users/emranmoq/.m2/repository/org/freemarker/freemarker/2.3.29/freemarker-2.3.29.jar:/Users/emranmoq/.m2/repository/org/apache/httpcomponents/httpclient/4.5.2/httpclient-4.5.2.jar:/Users/emranmoq/.m2/repository/org/apache/httpcomponents/httpcore/4.4.4/httpcore-4.4.4.jar:/Users/emranmoq/.m2/repository/commons-codec/commons-codec/1.9/commons-codec-1.9.jar:/Users/emranmoq/.m2/repository/org/apache/httpcomponents/httpmime/4.5.2/httpmime-4.5.2.jar:/Users/emranmoq/.m2/repository/com/google/code/gson/gson/2.8.6/gson-2.8.6.jar:/Users/emranmoq/.m2/repository/org/mongodb/mongodb-driver/3.12.0/mongodb-driver-3.12.0.jar:/Users/emranmoq/.m2/repository/org/mongodb/mongodb-driver-core/3.12.0/mongodb-driver-core-3.12.0.jar:/Users/emranmoq/.m2/repository/org/mongodb/bson/3.12.0/bson-3.12.0.jar:/Users/emranmoq/.m2/repository/org/apache/maven/plugins/maven-surefire-plugin/3.0.0-M4/maven-surefire-plugin-3.0.0-M4.jar:/Users/emranmoq/.m2/repository/org/apache/maven/surefire/maven-surefire-common/3.0.0-M4/maven-surefire-common-3.0.0-M4.jar:/Users/emranmoq/.m2/repository/org/apache/maven/surefire/surefire-api/3.0.0-M4/surefire-api-3.0.0-M4.jar:/Users/emranmoq/.m2/repository/org/apache/maven/surefire/surefire-logger-api/3.0.0-M4/surefire-logger-api-3.0.0-M4.jar:/Users/emranmoq/.m2/repository/org/apache/maven/surefire/surefire-extensions-api/3.0.0-M4/surefire-extensions-api-3.0.0-M4.jar:/Users/emranmoq/.m2/repository/org/apache/maven/surefire/surefire-booter/3.0.0-M4/surefire-booter-3.0.0-M4.jar:/Users/emranmoq/.m2/repository/org/apache/maven/maven-toolchain/3.0-alpha-2/maven-toolchain-3.0-alpha-2.jar:/Users/emranmoq/.m2/repository/org/apache/maven/shared/maven-artifact-transfer/0.11.0/maven-artifact-transfer-0.11.0.jar:/Users/emranmoq/.m2/repository/org/apache/maven/shared/maven-common-artifact-filters/3.0.1/maven-common-artifact-filters-3.0.1.jar:/Users/emranmoq/.m2/repository/org/apache/maven/plugins/maven-compiler-plugin/3.8.1/maven-compiler-plugin-3.8.1.jar:/Users/emranmoq/.m2/repository/org/apache/maven/maven-plugin-api/3.0/maven-plugin-api-3.0.jar:/Users/emranmoq/.m2/repository/org/sonatype/sisu/sisu-inject-plexus/1.4.2/sisu-inject-plexus-1.4.2.jar:/Users/emranmoq/.m2/repository/org/sonatype/sisu/sisu-inject-bean/1.4.2/sisu-inject-bean-1.4.2.jar:/Users/emranmoq/.m2/repository/org/sonatype/sisu/sisu-guice/2.1.7/sisu-guice-2.1.7-noaop.jar:/Users/emranmoq/.m2/repository/org/apache/maven/maven-artifact/3.0/maven-artifact-3.0.jar:/Users/emranmoq/.m2/repository/org/apache/maven/maven-core/3.0/maven-core-3.0.jar:/Users/emranmoq/.m2/repository/org/apache/maven/maven-settings/3.0/maven-settings-3.0.jar:/Users/emranmoq/.m2/repository/org/apache/maven/maven-settings-builder/3.0/maven-settings-builder-3.0.jar:/Users/emranmoq/.m2/repository/org/apache/maven/maven-repository-metadata/3.0/maven-repository-metadata-3.0.jar:/Users/emranmoq/.m2/repository/org/apache/maven/maven-model-builder/3.0/maven-model-builder-3.0.jar:/Users/emranmoq/.m2/repository/org/apache/maven/maven-aether-provider/3.0/maven-aether-provider-3.0.jar:/Users/emranmoq/.m2/repository/org/sonatype/aether/aether-impl/1.7/aether-impl-1.7.jar:/Users/emranmoq/.m2/repository/org/sonatype/aether/aether-spi/1.7/aether-spi-1.7.jar:/Users/emranmoq/.m2/repository/org/sonatype/aether/aether-api/1.7/aether-api-1.7.jar:/Users/emranmoq/.m2/repository/org/sonatype/aether/aether-util/1.7/aether-util-1.7.jar:/Users/emranmoq/.m2/repository/org/codehaus/plexus/plexus-classworlds/2.2.3/plexus-classworlds-2.2.3.jar:/Users/emranmoq/.m2/repository/org/codehaus/plexus/plexus-component-annotations/1.5.5/plexus-component-annotations-1.5.5.jar:/Users/emranmoq/.m2/repository/org/sonatype/plexus/plexus-sec-dispatcher/1.3/plexus-sec-dispatcher-1.3.jar:/Users/emranmoq/.m2/repository/org/sonatype/plexus/plexus-cipher/1.4/plexus-cipher-1.4.jar:/Users/emranmoq/.m2/repository/org/apache/maven/shared/maven-shared-utils/3.2.1/maven-shared-utils-3.2.1.jar:/Users/emranmoq/.m2/repository/org/apache/maven/shared/maven-shared-incremental/1.1/maven-shared-incremental-1.1.jar:/Users/emranmoq/.m2/repository/org/codehaus/plexus/plexus-java/0.9.10/plexus-java-0.9.10.jar:/Users/emranmoq/.m2/repository/org/ow2/asm/asm/6.2/asm-6.2.jar:/Users/emranmoq/.m2/repository/com/thoughtworks/qdox/qdox/2.0-M8/qdox-2.0-M8.jar:/Users/emranmoq/.m2/repository/org/codehaus/plexus/plexus-compiler-api/2.8.4/plexus-compiler-api-2.8.4.jar:/Users/emranmoq/.m2/repository/org/codehaus/plexus/plexus-compiler-manager/2.8.4/plexus-compiler-manager-2.8.4.jar:/Users/emranmoq/.m2/repository/org/codehaus/plexus/plexus-compiler-javac/2.8.4/plexus-compiler-javac-2.8.4.jar:/Users/emranmoq/.m2/repository/org/apache/maven/plugins/maven-resources-plugin/3.1.0/maven-resources-plugin-3.1.0.jar:/Users/emranmoq/.m2/repository/org/apache/maven/maven-model/3.0/maven-model-3.0.jar:/Users/emranmoq/.m2/repository/org/codehaus/plexus/plexus-utils/3.1.0/plexus-utils-3.1.0.jar:/Users/emranmoq/.m2/repository/org/apache/maven/shared/maven-filtering/3.1.1/maven-filtering-3.1.1.jar:/Users/emranmoq/.m2/repository/org/sonatype/plexus/plexus-build-api/0.0.7/plexus-build-api-0.0.7.jar:/Users/emranmoq/.m2/repository/org/codehaus/plexus/plexus-interpolation/1.24/plexus-interpolation-1.24.jar:/Users/emranmoq/.m2/repository/org/junit/jupiter/junit-jupiter-api/5.0.3/junit-jupiter-api-5.0.3.jar:/Users/emranmoq/.m2/repository/org/apiguardian/apiguardian-api/1.0.0/apiguardian-api-1.0.0.jar:/Users/emranmoq/.m2/repository/org/opentest4j/opentest4j/1.0.0/opentest4j-1.0.0.jar:/Users/emranmoq/.m2/repository/org/junit/platform/junit-platform-commons/1.0.3/junit-platform-commons-1.0.3.jar:/Users/emranmoq/.m2/repository/junit/junit/4.12/junit-4.12.jar:/Users/emranmoq/.m2/repository/org/hamcrest/hamcrest-core/1.3/hamcrest-core-1.3.jar:/Users/emranmoq/.m2/repository/io/rest-assured/rest-assured/4.3.0/rest-assured-4.3.0.jar:/Users/emranmoq/.m2/repository/org/codehaus/groovy/groovy/3.0.2/groovy-3.0.2.jar:/Users/emranmoq/.m2/repository/org/codehaus/groovy/groovy-xml/3.0.2/groovy-xml-3.0.2.jar:/Users/emranmoq/.m2/repository/org/hamcrest/hamcrest/2.1/hamcrest-2.1.jar:/Users/emranmoq/.m2/repository/org/ccil/cowan/tagsoup/tagsoup/1.2.1/tagsoup-1.2.1.jar:/Users/emranmoq/.m2/repository/io/rest-assured/json-path/4.3.0/json-path-4.3.0.jar:/Users/emranmoq/.m2/repository/org/codehaus/groovy/groovy-json/3.0.2/groovy-json-3.0.2.jar:/Users/emranmoq/.m2/repository/io/rest-assured/rest-assured-common/4.3.0/rest-assured-common-4.3.0.jar:/Users/emranmoq/.m2/repository/io/rest-assured/xml-path/4.3.0/xml-path-4.3.0.jar:/Users/emranmoq/.m2/repository/jakarta/xml/bind/jakarta.xml.bind-api/2.3.2/jakarta.xml.bind-api-2.3.2.jar:/Users/emranmoq/.m2/repository/com/sun/xml/bind/jaxb-osgi/2.3.0.1/jaxb-osgi-2.3.0.1.jar:/Users/emranmoq/.m2/repository/org/apache/sling/org.apache.sling.javax.activation/0.1.0/org.apache.sling.javax.activation-0.1.0.jar:/Users/emranmoq/.m2/repository/io/rest-assured/json-schema-validator/4.3.0/json-schema-validator-4.3.0.jar:/Users/emranmoq/.m2/repository/com/github/java-json-tools/json-schema-validator/2.2.10/json-schema-validator-2.2.10.jar:/Users/emranmoq/.m2/repository/com/github/java-json-tools/json-schema-core/1.2.10/json-schema-core-1.2.10.jar:/Users/emranmoq/.m2/repository/com/github/java-json-tools/jackson-coreutils/1.9/jackson-coreutils-1.9.jar:/Users/emranmoq/.m2/repository/com/fasterxml/jackson/core/jackson-databind/2.2.3/jackson-databind-2.2.3.jar:/Users/emranmoq/.m2/repository/com/fasterxml/jackson/core/jackson-annotations/2.2.3/jackson-annotations-2.2.3.jar:/Users/emranmoq/.m2/repository/com/fasterxml/jackson/core/jackson-core/2.2.3/jackson-core-2.2.3.jar:/Users/emranmoq/.m2/repository/com/github/fge/msg-simple/1.1/msg-simple-1.1.jar:/Users/emranmoq/.m2/repository/com/github/fge/btf/1.2/btf-1.2.jar:/Users/emranmoq/.m2/repository/com/github/fge/uri-template/0.9/uri-template-0.9.jar:/Users/emranmoq/.m2/repository/org/mozilla/rhino/1.7.7.1/rhino-1.7.7.1.jar:/Users/emranmoq/.m2/repository/javax/mail/mailapi/1.4.3/mailapi-1.4.3.jar:/Users/emranmoq/.m2/repository/joda-time/joda-time/2.9.7/joda-time-2.9.7.jar:/Users/emranmoq/.m2/repository/com/googlecode/libphonenumber/libphonenumber/8.0.0/libphonenumber-8.0.0.jar:/Users/emranmoq/.m2/repository/com/google/code/findbugs/jsr305/3.0.1/jsr305-3.0.1.jar:/Users/emranmoq/.m2/repository/net/sf/jopt-simple/jopt-simple/5.0.3/jopt-simple-5.0.3.jar:/Users/emranmoq/.m2/repository/io/rest-assured/spring-mock-mvc/4.3.0/spring-mock-mvc-4.3.0.jar:/Users/emranmoq/.m2/repository/io/rest-assured/spring-commons/4.3.0/spring-commons-4.3.0.jar:/Users/emranmoq/.m2/repository/org/springframework/spring-test/4.3.23.RELEASE/spring-test-4.3.23.RELEASE.jar:/Users/emranmoq/.m2/repository/org/springframework/spring-core/4.3.23.RELEASE/spring-core-4.3.23.RELEASE.jar:/Users/emranmoq/.m2/repository/org/springframework/spring-webmvc/4.3.23.RELEASE/spring-webmvc-4.3.23.RELEASE.jar:/Users/emranmoq/.m2/repository/org/springframework/spring-aop/4.3.23.RELEASE/spring-aop-4.3.23.RELEASE.jar:/Users/emranmoq/.m2/repository/org/springframework/spring-beans/4.3.23.RELEASE/spring-beans-4.3.23.RELEASE.jar:/Users/emranmoq/.m2/repository/org/springframework/spring-expression/4.3.23.RELEASE/spring-expression-4.3.23.RELEASE.jar:/Users/emranmoq/.m2/repository/org/springframework/spring-web/4.3.23.RELEASE/spring-web-4.3.23.RELEASE.jar:/Users/emranmoq/.m2/repository/io/rest-assured/spring-web-test-client/4.3.0/spring-web-test-client-4.3.0.jar:/Users/emranmoq/.m2/repository/org/springframework/spring-context/5.1.0.RELEASE/spring-context-5.1.0.RELEASE.jar:/Users/emranmoq/.m2/repository/org/springframework/spring-webflux/5.1.0.RELEASE/spring-webflux-5.1.0.RELEASE.jar:/Users/emranmoq/.m2/repository/io/projectreactor/reactor-core/3.2.0.RELEASE/reactor-core-3.2.0.RELEASE.jar:/Users/emranmoq/.m2/repository/org/reactivestreams/reactive-streams/1.0.2/reactive-streams-1.0.2.jar:/Users/emranmoq/.m2/repository/org/synchronoss/cloud/nio-multipart-parser/1.1.0/nio-multipart-parser-1.1.0.jar:/Users/emranmoq/.m2/repository/org/slf4j/slf4j-api/1.7.12/slf4j-api-1.7.12.jar:/Users/emranmoq/.m2/repository/org/synchronoss/cloud/nio-stream-storage/1.1.3/nio-stream-storage-1.1.3.jar:/Users/emranmoq/.m2/repository/io/rest-assured/scala-support/4.3.0/scala-support-4.3.0.jar:/Users/emranmoq/.m2/repository/org/scala-lang/scala-library/2.13.0/scala-library-2.13.0.jar:/Users/emranmoq/.m2/repository/io/rest-assured/kotlin-extensions/4.3.0/kotlin-extensions-4.3.0.jar:/Users/emranmoq/.m2/repository/org/jetbrains/kotlin/kotlin-stdlib-jdk8/1.3.70/kotlin-stdlib-jdk8-1.3.70.jar:/Users/emranmoq/.m2/repository/org/jetbrains/kotlin/kotlin-stdlib/1.3.70/kotlin-stdlib-1.3.70.jar:/Users/emranmoq/.m2/repository/org/jetbrains/kotlin/kotlin-stdlib-common/1.3.70/kotlin-stdlib-common-1.3.70.jar:/Users/emranmoq/.m2/repository/org/jetbrains/annotations/13.0/annotations-13.0.jar:/Users/emranmoq/.m2/repository/org/jetbrains/kotlin/kotlin-stdlib-jdk7/1.3.70/kotlin-stdlib-jdk7-1.3.70.jar:/Users/emranmoq/.m2/repository/io/rest-assured/rest-assured-all/4.3.0/rest-assured-all-4.3.0.jar:/Users/emranmoq/.m2/repository/jakarta/activation/jakarta.activation-api/1.2.1/jakarta.activation-api-1.2.1.jar:/Users/emranmoq/.m2/repository/javax/activation/activation/1.1.1/activation-1.1.1.jar:/Users/emranmoq/.m2/repository/org/jsoup/jsoup/1.13.1/jsoup-1.13.1.jar:/Users/emranmoq/.m2/repository/org/testng/testng/7.1.0/testng-7.1.0.jar:/Users/emranmoq/.m2/repository/com/beust/jcommander/1.72/jcommander-1.72.jar:/Users/emranmoq/.m2/repository/com/google/inject/guice/4.1.0/guice-4.1.0-no_aop.jar:/Users/emranmoq/.m2/repository/javax/inject/javax.inject/1/javax.inject-1.jar:/Users/emranmoq/.m2/repository/aopalliance/aopalliance/1.0/aopalliance-1.0.jar:/Users/emranmoq/.m2/repository/com/google/guava/guava/19.0/guava-19.0.jar:/Users/emranmoq/.m2/repository/org/yaml/snakeyaml/1.21/snakeyaml-1.21.jar:"/>
    <property name="sun.cpu.endian" value="little"/>
    <property name="user.home" value="/Users/emranmoq"/>
    <property name="user.language" value="en"/>
    <property name="java.specification.vendor" value="Oracle Corporation"/>
    <property name="java.version.date" value="2020-04-14"/>
    <property name="java.home" value="/Library/Java/JavaVirtualMachines/jdk-14.0.1.jdk/Contents/Home"/>
    <property name="file.separator" value="/"/>
    <property name="basedir" value="/Users/emranmoq/eclipse-workspace/TajwalAPITask"/>
    <property name="java.vm.compressedOopsMode" value="Zero based"/>
    <property name="line.separator" value="&#10;"/>
    <property name="java.vm.specification.vendor" value="Oracle Corporation"/>
    <property name="java.specification.name" value="Java Platform API Specification"/>
    <property name="surefire.real.class.path" value="/Users/emranmoq/eclipse-workspace/TajwalAPITask/target/surefire/surefirebooter5982168906513351715.jar"/>
    <property name="sun.management.compiler" value="HotSpot 64-Bit Tiered Compilers"/>
    <property name="java.runtime.version" value="14.0.1+7"/>
    <property name="user.name" value="emranmoq"/>
    <property name="path.separator" value=":"/>
    <property name="os.version" value="10.14.6"/>
    <property name="java.runtime.name" value="Java(TM) SE Runtime Environment"/>
    <property name="file.encoding" value="UTF-8"/>
    <property name="java.vm.name" value="Java HotSpot(TM) 64-Bit Server VM"/>
    <property name="localRepository" value="/Users/emranmoq/.m2/repository"/>
    <property name="java.vendor.url.bug" value="https://bugreport.java.com/bugreport/"/>
    <property name="java.io.tmpdir" value="/var/folders/cd/sggw_zlx3kd54sxk8rfytnsxjq5xzj/T/"/>
    <property name="java.version" value="14.0.1"/>
    <property name="user.dir" value="/Users/emranmoq/eclipse-workspace/TajwalAPITask"/>
    <property name="os.arch" value="x86_64"/>
    <property name="java.vm.specification.name" value="Java Virtual Machine Specification"/>
    <property name="java.library.path" value="/Users/emranmoq/Library/Java/Extensions:/Library/Java/Extensions:/Network/Library/Java/Extensions:/System/Library/Java/Extensions:/usr/lib/java:."/>
    <property name="java.vm.info" value="mixed mode, sharing"/>
    <property name="java.vendor" value="Oracle Corporation"/>
    <property name="java.vm.version" value="14.0.1+7"/>
    <property name="sun.io.unicode.encoding" value="UnicodeBig"/>
    <property name="java.class.version" value="58.0"/>
  </properties>
  <testcase name="getFlightApiPositiveTests" classname="tests.FlightsApiTests" time="3.444"/>
</testsuite>