<?xml version="1.0" encoding="UTF-8"?>
<!-- Generated by org.testng.reporters.JUnitReportReporter -->
<testsuite skipped="0" hostname="8c85904b6388.ant.amazon.com" name="tests.FlightsTest" tests="1" failures="0" timestamp="2021-09-14T23:54:25 EEST" time="3.859" errors="0">
  <testcase name="flightsSearchTest" time="3.859" classname="tests.FlightsTest"/>
  <system-out/>
</testsuite> <!-- tests.FlightsTest -->
