<?xml version="1.0" encoding="UTF-8"?>
<!-- Generated by org.testng.reporters.JUnitReportReporter -->
<testsuite skipped="0" hostname="8c85904b6388.ant.amazon.com" name="tests.FlightsApiTest" tests="2" failures="0" timestamp="2021-09-15T14:52:57 EEST" time="3.899" errors="0">
  <testcase name="flightApiStatusCodeTest" time="0.884" classname="tests.FlightsApiTest"/>
  <system-out/>
  <testcase name="flightApiResponseBodyTest" time="3.015" classname="tests.FlightsApiTest"/>
  <system-out/>
</testsuite> <!-- tests.FlightsApiTest -->
