<?xml version="1.0" encoding="UTF-8"?>
<!-- Generated by org.testng.reporters.JUnitReportReporter -->
<testsuite hostname="8c85904b6388.ant.amazon.com" failures="0" tests="1" name="test.TajwalAPITask.FlightsTest" time="2.435" errors="0" timestamp="2021-09-14T19:02:20 EEST" skipped="0">
  <testcase classname="test.TajwalAPITask.FlightsTest" name="flightsSearchTest" time="2.435"/>
  <system-out/>
</testsuite> <!-- test.TajwalAPITask.FlightsTest -->
