<?xml version="1.0" encoding="UTF-8"?>
<!-- Generated by org.testng.reporters.JUnitReportReporter -->
<testsuite hostname="8c85904b6388.ant.amazon.com" failures="0" tests="2" name="tests.HotelsApiTests" time="0.886" errors="0" timestamp="2021-09-15T22:51:41 EEST" skipped="0">
  <testcase classname="tests.HotelsApiTests" name="postAsyncHotelsApiStatusCodeTest" time="0.488"/>
  <system-out/>
  <testcase classname="tests.HotelsApiTests" name="postAsyncHotelsApiResponseBodyTest" time="0.398"/>
  <system-out/>
</testsuite> <!-- tests.HotelsApiTests -->
