<?xml version="1.0" encoding="UTF-8"?>
<!-- Generated by org.testng.reporters.JUnitReportReporter -->
<testsuite hostname="8c85904b6388.ant.amazon.com" failures="0" tests="1" name="tests.FlightsApiTests" time="2.608" errors="0" timestamp="2021-09-16T17:08:57 EEST" skipped="0">
  <testcase classname="tests.FlightsApiTests" name="getFlightApiPositiveTests" time="2.608"/>
  <system-out/>
</testsuite> <!-- tests.FlightsApiTests -->
