<?xml version="1.0" encoding="UTF-8"?>
<!-- Generated by org.testng.reporters.JUnitReportReporter -->
<testsuite hostname="8c85904b6388.ant.amazon.com" failures="0" tests="2" name="tests.HotelsApiTests" time="1.884" errors="0" timestamp="2021-09-16T17:08:57 EEST" skipped="0">
  <testcase classname="tests.HotelsApiTests" name="postAsyncHotelsApiWithInvalidTokenNegativeTest" time="0.369"/>
  <system-out/>
  <testcase classname="tests.HotelsApiTests" name="postAsyncHotelsApiPositiveTests" time="1.515"/>
  <system-out/>
</testsuite> <!-- tests.HotelsApiTests -->
