<?xml version="1.0" encoding="UTF-8"?>
<!-- Generated by org.testng.reporters.JUnitReportReporter -->
<testsuite hostname="8c85904b6388.ant.amazon.com" failures="0" tests="2" name="tests.FlightsApiTests" time="4.121" errors="0" timestamp="2021-09-15T22:51:41 EEST" skipped="0">
  <testcase classname="tests.FlightsApiTests" name="getFlightApiStatusCodeTest" time="2.791"/>
  <system-out/>
  <testcase classname="tests.FlightsApiTests" name="getFlightApiResponseBodyTest" time="1.330"/>
  <system-out/>
</testsuite> <!-- tests.FlightsApiTests -->
